TN:
SF:C:\work\pomodoro\src\vuex\mutations.js
FN:27,_interopRequireWildcard
FN:29,_interopRequireDefault
FN:31,togglePomodoro
FN:44,tick
FN:54,(anonymous_5)
FN:58,(anonymous_6)
FN:64,(anonymous_7)
FN:70,(anonymous_8)
FN:76,(anonymous_9)
FNF:9
FNH:6
FNDA:1,_interopRequireWildcard
FNDA:3,_interopRequireDefault
FNDA:0,togglePomodoro
FNDA:0,tick
FNDA:4,(anonymous_5)
FNDA:0,(anonymous_6)
FNDA:0,(anonymous_7)
FNDA:0,(anonymous_8)
FNDA:0,(anonymous_9)
DA:0,3
DA:1,1
DA:2,1
DA:3,1
DA:4,1
DA:6,1
DA:7,0
DA:8,0
DA:10,0
DA:11,0
DA:12,0
DA:14,0
DA:16,0
DA:19,1
DA:20,0
DA:21,0
DA:23,0
DA:24,0
DA:25,0
DA:31,4
DA:32,4
DA:33,4
DA:34,4
DA:35,4
DA:36,1
DA:40,0
DA:41,0
DA:42,0
DA:43,0
DA:44,0
DA:47,0
DA:48,0
DA:49,0
DA:50,0
DA:51,0
DA:54,0
DA:55,0
DA:56,0
DA:58,0
LF:39
LH:13
BRDA:27,1,0,1
BRDA:27,1,1,0
BRDA:27,2,0,1
BRDA:27,2,1,1
BRDA:27,3,0,0
BRDA:27,3,1,0
BRDA:27,4,0,0
BRDA:27,4,1,0
BRDA:29,5,0,1
BRDA:29,5,1,2
BRDA:29,6,0,3
BRDA:29,6,1,3
BRDA:32,7,0,0
BRDA:32,7,1,0
BRDA:36,8,0,0
BRDA:36,8,1,0
BRDA:41,9,0,0
BRDA:41,9,1,0
BRDA:45,10,0,0
BRDA:45,10,1,0
BRDA:49,11,0,0
BRDA:49,11,1,0
BRDA:61,12,0,1
BRDA:61,12,1,3
BRDA:61,13,0,4
BRDA:61,13,1,2
BRDA:78,14,0,0
BRDA:78,14,1,0
BRF:28
BRH:16
end_of_record
TN:
SF:C:\work\pomodoro\src\vuex\mutation_types.js
FNF:0
FNH:0
DA:0,1
DA:1,1
DA:2,1
DA:3,1
DA:4,1
LF:5
LH:5
BRF:0
BRH:0
end_of_record
TN:
SF:C:\work\pomodoro\src\config.js
FNF:0
FNH:0
DA:0,1
DA:1,1
DA:2,1
DA:3,1
LF:4
LH:4
BRF:0
BRH:0
end_of_record
TN:
SF:C:\work\pomodoro\src\App.vue
FN:29,_interopRequireDefault
FNF:1
FNH:1
FNDA:5,_interopRequireDefault
DA:0,5
DA:25,1
DA:26,1
DA:27,1
DA:28,1
DA:29,1
DA:30,1
LF:7
LH:7
BRDA:29,1,0,1
BRDA:29,1,1,4
BRDA:29,2,0,5
BRDA:29,2,1,5
BRF:4
BRH:4
end_of_record
TN:
SF:C:\work\pomodoro\src\components\ControlsComponent.vue
FNF:0
FNH:0
DA:0,1
DA:28,1
LF:2
LH:2
BRF:0
BRH:0
end_of_record
TN:
SF:C:\work\pomodoro\src\components\CountdownComponent.vue
FNF:0
FNH:0
DA:0,1
DA:13,1
LF:2
LH:2
BRF:0
BRH:0
end_of_record
TN:
SF:C:\work\pomodoro\src\components\KittensComponent.vue
FN:8,catimgsrc
FNF:1
FNH:0
FNDA:0,catimgsrc
DA:0,1
DA:14,0
LF:2
LH:1
BRF:0
BRH:0
end_of_record
TN:
SF:C:\work\pomodoro\src\components\StateTitleComponent.vue
FN:10,data
FNF:1
FNH:0
FNDA:0,data
DA:0,1
DA:13,1
DA:17,0
LF:3
LH:2
BRF:0
BRH:0
end_of_record
TN:
SF:C:\work\pomodoro\src\vuex\store.js
FN:29,_interopRequireDefault
FNF:1
FNH:1
FNDA:5,_interopRequireDefault
DA:0,5
DA:1,1
DA:2,1
DA:3,1
DA:4,1
DA:5,1
DA:6,1
DA:8,1
DA:10,1
LF:9
LH:9
BRDA:29,1,0,3
BRDA:29,1,1,2
BRDA:29,2,0,5
BRDA:29,2,1,5
BRF:4
BRH:4
end_of_record
TN:
SF:C:\work\pomodoro\src\vuex\getters.js
FN:7,isStarted
FN:10,isPaused
FN:13,isStopped
FN:16,isWorking
FN:19,getMinutes
FN:22,getSeconds
FN:25,getTimestamp
FN:28,isSoundEnabled
FNF:8
FNH:0
FNDA:0,isStarted
FNDA:0,isPaused
FNDA:0,isStopped
FNDA:0,isWorking
FNDA:0,getMinutes
FNDA:0,getSeconds
FNDA:0,getTimestamp
FNDA:0,isSoundEnabled
DA:0,1
DA:2,0
DA:3,0
DA:4,0
DA:5,0
DA:6,0
DA:7,0
DA:8,0
DA:9,0
LF:9
LH:1
BRF:0
BRH:0
end_of_record
TN:
SF:C:\work\pomodoro\src\vuex\actions.js
FN:11,_interopRequireWildcard
FN:14,start
FN:19,pause
FN:24,stop
FN:29,toggleSound
FNF:5
FNH:1
FNDA:1,_interopRequireWildcard
FNDA:0,start
FNDA:0,pause
FNDA:0,stop
FNDA:0,toggleSound
DA:0,1
DA:1,1
DA:4,0
DA:5,0
DA:7,0
DA:8,0
DA:10,0
DA:11,0
DA:13,0
DA:14,0
LF:10
LH:2
BRDA:11,1,0,1
BRDA:11,1,1,0
BRDA:11,2,0,1
BRDA:11,2,1,1
BRDA:11,3,0,0
BRDA:11,3,1,0
BRDA:11,4,0,0
BRDA:11,4,1,0
BRF:8
BRH:8
end_of_record
TN:
SF:C:\work\pomodoro\src\plugins\VueNoiseGeneratorPlugin.js
FN:11,_interopRequireDefault
FN:16,resume
FN:17,suspend
FN:25,generateWhiteNoise
FN:32,(anonymous_5)
FN:44,generatePinkNoise
FN:46,(anonymous_7)
FN:50,(anonymous_8)
FN:54,(anonymous_9)
FN:73,generateBrownNoise
FN:76,(anonymous_11)
FN:81,(anonymous_12)
FN:83,(anonymous_13)
FN:97,install
FN:98,(anonymous_15)
FN:121,start
FN:124,pause
FN:127,stop
FNF:18
FNH:1
FNDA:1,_interopRequireDefault
FNDA:0,resume
FNDA:0,suspend
FNDA:0,generateWhiteNoise
FNDA:0,(anonymous_5)
FNDA:0,generatePinkNoise
FNDA:0,(anonymous_7)
FNDA:0,(anonymous_8)
FNDA:0,(anonymous_9)
FNDA:0,generateBrownNoise
FNDA:0,(anonymous_11)
FNDA:0,(anonymous_12)
FNDA:0,(anonymous_13)
FNDA:0,install
FNDA:0,(anonymous_15)
FNDA:0,start
FNDA:0,pause
FNDA:0,stop
DA:0,1
DA:2,1
DA:5,1
DA:7,1
DA:13,1
DA:14,0
DA:17,1
DA:18,0
DA:20,0
DA:21,0
DA:23,0
DA:24,0
DA:25,0
DA:28,0
DA:29,0
DA:30,0
DA:31,0
DA:33,0
DA:36,1
DA:37,0
DA:38,0
DA:39,0
DA:40,0
DA:41,0
DA:42,0
DA:43,0
DA:45,0
DA:46,0
DA:47,0
DA:48,0
DA:49,0
DA:50,0
DA:51,0
DA:52,0
DA:53,0
DA:54,0
DA:55,0
DA:56,0
DA:59,0
DA:62,0
DA:65,1
DA:66,0
DA:68,0
DA:69,0
DA:71,0
DA:72,0
DA:73,0
DA:74,0
DA:75,0
DA:76,0
DA:77,0
DA:78,0
DA:79,0
DA:82,0
DA:85,0
DA:90,0
DA:91,0
DA:93,0
DA:94,0
DA:96,0
DA:98,0
DA:99,0
DA:101,0
DA:102,0
DA:104,0
DA:105,0
DA:107,0
DA:109,0
DA:110,0
DA:112,0
DA:114,0
DA:117,0
DA:120,0
LF:73
LH:8
BRDA:11,1,0,0
BRDA:11,1,1,1
BRDA:11,2,0,1
BRDA:11,2,1,1
BRDA:21,3,0,0
BRDA:21,3,1,1
BRDA:21,4,0,1
BRDA:21,4,1,1
BRDA:22,5,0,0
BRDA:22,5,1,0
BRDA:101,6,0,0
BRDA:101,6,1,0
BRDA:104,7,0,0
BRDA:104,7,1,0
BRDA:104,7,2,0
BRDA:104,7,3,0
BRF:16
BRH:7
end_of_record
